<?xml version="1.0" encoding="UTF-8"?>
<testsuite name="com.example.testingweb.WebMockTest" tests="1" skipped="0" failures="0" errors="0" timestamp="2023-01-11T19:11:42" hostname="MacBook-Air-de-Joseph.local" time="0.056">
  <properties/>
  <testcase name="greetingShouldReturnMessageFromService()" classname="com.example.testingweb.WebMockTest" time="0.056"/>
  <system-out><![CDATA[2023-01-11 16:11:41.586  INFO 53027 --- [    Test worker] .b.t.a.w.s.WebMvcTestContextBootstrapper : Neither @ContextConfiguration nor @ContextHierarchy found for test class [com.example.testingweb.WebMockTest], using SpringBootContextLoader
2023-01-11 16:11:41.587  INFO 53027 --- [    Test worker] o.s.t.c.support.AbstractContextLoader    : Could not detect default resource locations for test class [com.example.testingweb.WebMockTest]: no resource found for suffixes {-context.xml, Context.groovy}.
2023-01-11 16:11:41.587  INFO 53027 --- [    Test worker] t.c.s.AnnotationConfigContextLoaderUtils : Could not detect default configuration classes for test class [com.example.testingweb.WebMockTest]: WebMockTest does not declare any static, non-private, non-final, nested classes annotated with @Configuration.
2023-01-11 16:11:41.591  INFO 53027 --- [    Test worker] .b.t.c.SpringBootTestContextBootstrapper : Found @SpringBootConfiguration com.example.testingweb.TestingWebApplication for test class com.example.testingweb.WebMockTest
2023-01-11 16:11:41.591  INFO 53027 --- [    Test worker] .b.t.a.w.s.WebMvcTestContextBootstrapper : Loaded default TestExecutionListener class names from location [META-INF/spring.factories]: [org.springframework.boot.test.autoconfigure.restdocs.RestDocsTestExecutionListener, org.springframework.boot.test.autoconfigure.web.client.MockRestServiceServerResetTestExecutionListener, org.springframework.boot.test.autoconfigure.web.servlet.MockMvcPrintOnlyOnFailureTestExecutionListener, org.springframework.boot.test.autoconfigure.web.servlet.WebDriverTestExecutionListener, org.springframework.boot.test.autoconfigure.webservices.client.MockWebServiceServerTestExecutionListener, org.springframework.boot.test.mock.mockito.MockitoTestExecutionListener, org.springframework.boot.test.mock.mockito.ResetMocksTestExecutionListener, org.springframework.test.context.web.ServletTestExecutionListener, org.springframework.test.context.support.DirtiesContextBeforeModesTestExecutionListener, org.springframework.test.context.event.ApplicationEventsTestExecutionListener, org.springframework.test.context.support.DependencyInjectionTestExecutionListener, org.springframework.test.context.support.DirtiesContextTestExecutionListener, org.springframework.test.context.transaction.TransactionalTestExecutionListener, org.springframework.test.context.jdbc.SqlScriptsTestExecutionListener, org.springframework.test.context.event.EventPublishingTestExecutionListener]
2023-01-11 16:11:41.592  INFO 53027 --- [    Test worker] .b.t.a.w.s.WebMvcTestContextBootstrapper : Using TestExecutionListeners: [org.springframework.test.context.web.ServletTestExecutionListener@41058886, org.springframework.test.context.support.DirtiesContextBeforeModesTestExecutionListener@7bf75275, org.springframework.test.context.event.ApplicationEventsTestExecutionListener@4896f287, org.springframework.boot.test.mock.mockito.MockitoTestExecutionListener@6362dcf2, org.springframework.boot.test.autoconfigure.SpringBootDependencyInjectionTestExecutionListener@e4e39a0, org.springframework.test.context.support.DirtiesContextTestExecutionListener@4febb6e6, org.springframework.test.context.event.EventPublishingTestExecutionListener@30967756, org.springframework.boot.test.autoconfigure.restdocs.RestDocsTestExecutionListener@45e6b8fa, org.springframework.boot.test.autoconfigure.web.client.MockRestServiceServerResetTestExecutionListener@3a9a1adf, org.springframework.boot.test.autoconfigure.web.servlet.MockMvcPrintOnlyOnFailureTestExecutionListener@28d4c7ec, org.springframework.boot.test.autoconfigure.web.servlet.WebDriverTestExecutionListener@2b7b2967, org.springframework.boot.test.autoconfigure.webservices.client.MockWebServiceServerTestExecutionListener@5baa759a, org.springframework.boot.test.mock.mockito.ResetMocksTestExecutionListener@310cd0d2]

  .   ____          _            __ _ _
 /\\ / ___'_ __ _ _(_)_ __  __ _ \ \ \ \
( ( )\___ | '_ | '_| | '_ \/ _` | \ \ \ \
 \\/  ___)| |_)| | | | | || (_| |  ) ) ) )
  '  |____| .__|_| |_|_| |_\__, | / / / /
 =========|_|==============|___/=/_/_/_/
 :: Spring Boot ::                (v2.6.3)

2023-01-11 16:11:41.607  INFO 53027 --- [    Test worker] com.example.testingweb.WebMockTest       : Starting WebMockTest using Java 17.0.5 on MacBook-Air-de-Joseph.local with PID 53027 (started by josephlpz in /Users/josephlpz/Documents/Archivos_Diplomado_DevSecOps/microservicio-spring)
2023-01-11 16:11:41.607  INFO 53027 --- [    Test worker] com.example.testingweb.WebMockTest       : No active profile set, falling back to default profiles: default
2023-01-11 16:11:42.570  INFO 53027 --- [    Test worker] o.s.b.t.m.w.SpringBootMockServletContext : Initializing Spring TestDispatcherServlet ''
2023-01-11 16:11:42.576  INFO 53027 --- [    Test worker] o.s.t.web.servlet.TestDispatcherServlet  : Initializing Servlet ''
2023-01-11 16:11:42.577  INFO 53027 --- [    Test worker] o.s.t.web.servlet.TestDispatcherServlet  : Completed initialization in 1 ms
2023-01-11 16:11:42.602  INFO 53027 --- [    Test worker] com.example.testingweb.WebMockTest       : Started WebMockTest in 1.007 seconds (JVM running for 8.343)

MockHttpServletRequest:
      HTTP Method = GET
      Request URI = /greeting
       Parameters = {}
          Headers = []
             Body = null
    Session Attrs = {}

Handler:
             Type = com.example.testingweb.GreetingController
           Method = com.example.testingweb.GreetingController#greeting()

Async:
    Async started = false
     Async result = null

Resolved Exception:
             Type = null

ModelAndView:
        View name = null
             View = null
            Model = null

FlashMap:
       Attributes = null

MockHttpServletResponse:
           Status = 200
    Error message = null
          Headers = [Content-Type:"text/plain;charset=UTF-8", Content-Length:"54"]
     Content type = text/plain;charset=UTF-8
             Body = Finaliza el curso DevOps Foundation v3 - Joseph López
    Forwarded URL = null
   Redirected URL = null
          Cookies = []
]]></system-out>
  <system-err><![CDATA[]]></system-err>
</testsuite>
