<?xml version="1.0" encoding="UTF-8"?>
<testsuite name="com.example.testingweb.WebLayerTest" tests="1" skipped="0" failures="0" errors="0" timestamp="2023-01-09T22:22:46" hostname="MacBook-Air-de-Joseph.local" time="0.01">
  <properties/>
  <testcase name="shouldReturnDefaultMessage()" classname="com.example.testingweb.WebLayerTest" time="0.01"/>
  <system-out><![CDATA[2023-01-09 19:22:45.783  INFO 31215 --- [    Test worker] .b.t.a.w.s.WebMvcTestContextBootstrapper : Neither @ContextConfiguration nor @ContextHierarchy found for test class [com.example.testingweb.WebLayerTest], using SpringBootContextLoader
2023-01-09 19:22:45.785  INFO 31215 --- [    Test worker] o.s.t.c.support.AbstractContextLoader    : Could not detect default resource locations for test class [com.example.testingweb.WebLayerTest]: no resource found for suffixes {-context.xml, Context.groovy}.
2023-01-09 19:22:45.785  INFO 31215 --- [    Test worker] t.c.s.AnnotationConfigContextLoaderUtils : Could not detect default configuration classes for test class [com.example.testingweb.WebLayerTest]: WebLayerTest does not declare any static, non-private, non-final, nested classes annotated with @Configuration.
2023-01-09 19:22:45.789  INFO 31215 --- [    Test worker] .b.t.c.SpringBootTestContextBootstrapper : Found @SpringBootConfiguration com.example.testingweb.TestingWebApplication for test class com.example.testingweb.WebLayerTest
2023-01-09 19:22:45.791  INFO 31215 --- [    Test worker] .b.t.a.w.s.WebMvcTestContextBootstrapper : Loaded default TestExecutionListener class names from location [META-INF/spring.factories]: [org.springframework.boot.test.autoconfigure.restdocs.RestDocsTestExecutionListener, org.springframework.boot.test.autoconfigure.web.client.MockRestServiceServerResetTestExecutionListener, org.springframework.boot.test.autoconfigure.web.servlet.MockMvcPrintOnlyOnFailureTestExecutionListener, org.springframework.boot.test.autoconfigure.web.servlet.WebDriverTestExecutionListener, org.springframework.boot.test.autoconfigure.webservices.client.MockWebServiceServerTestExecutionListener, org.springframework.boot.test.mock.mockito.MockitoTestExecutionListener, org.springframework.boot.test.mock.mockito.ResetMocksTestExecutionListener, org.springframework.test.context.web.ServletTestExecutionListener, org.springframework.test.context.support.DirtiesContextBeforeModesTestExecutionListener, org.springframework.test.context.event.ApplicationEventsTestExecutionListener, org.springframework.test.context.support.DependencyInjectionTestExecutionListener, org.springframework.test.context.support.DirtiesContextTestExecutionListener, org.springframework.test.context.transaction.TransactionalTestExecutionListener, org.springframework.test.context.jdbc.SqlScriptsTestExecutionListener, org.springframework.test.context.event.EventPublishingTestExecutionListener]
2023-01-09 19:22:45.792  INFO 31215 --- [    Test worker] .b.t.a.w.s.WebMvcTestContextBootstrapper : Using TestExecutionListeners: [org.springframework.test.context.web.ServletTestExecutionListener@a386581, org.springframework.test.context.support.DirtiesContextBeforeModesTestExecutionListener@25011164, org.springframework.test.context.event.ApplicationEventsTestExecutionListener@5ccb6d5c, org.springframework.boot.test.mock.mockito.MockitoTestExecutionListener@343fc4de, org.springframework.boot.test.autoconfigure.SpringBootDependencyInjectionTestExecutionListener@7d62bbb5, org.springframework.test.context.support.DirtiesContextTestExecutionListener@50450f4c, org.springframework.test.context.event.EventPublishingTestExecutionListener@57e33995, org.springframework.boot.test.autoconfigure.restdocs.RestDocsTestExecutionListener@1d300e83, org.springframework.boot.test.autoconfigure.web.client.MockRestServiceServerResetTestExecutionListener@75e7a183, org.springframework.boot.test.autoconfigure.web.servlet.MockMvcPrintOnlyOnFailureTestExecutionListener@d20ff1c, org.springframework.boot.test.autoconfigure.web.servlet.WebDriverTestExecutionListener@43c150bc, org.springframework.boot.test.autoconfigure.webservices.client.MockWebServiceServerTestExecutionListener@5e180a51, org.springframework.boot.test.mock.mockito.ResetMocksTestExecutionListener@16bb43a8]

  .   ____          _            __ _ _
 /\\ / ___'_ __ _ _(_)_ __  __ _ \ \ \ \
( ( )\___ | '_ | '_| | '_ \/ _` | \ \ \ \
 \\/  ___)| |_)| | | | | || (_| |  ) ) ) )
  '  |____| .__|_| |_|_| |_\__, | / / / /
 =========|_|==============|___/=/_/_/_/
 :: Spring Boot ::                (v2.6.3)

2023-01-09 19:22:45.823  INFO 31215 --- [    Test worker] com.example.testingweb.WebLayerTest      : Starting WebLayerTest using Java 12.0.2 on MacBook-Air-de-Joseph.local with PID 31215 (started by josephlpz in /Users/josephlpz/Documents/Archivos_Diplomado_DevSecOps/microservicio-spring)
2023-01-09 19:22:45.823  INFO 31215 --- [    Test worker] com.example.testingweb.WebLayerTest      : No active profile set, falling back to default profiles: default
2023-01-09 19:22:46.188  INFO 31215 --- [    Test worker] o.s.b.t.m.w.SpringBootMockServletContext : Initializing Spring TestDispatcherServlet ''
2023-01-09 19:22:46.189  INFO 31215 --- [    Test worker] o.s.t.web.servlet.TestDispatcherServlet  : Initializing Servlet ''
2023-01-09 19:22:46.189  INFO 31215 --- [    Test worker] o.s.t.web.servlet.TestDispatcherServlet  : Completed initialization in 0 ms
2023-01-09 19:22:46.199  INFO 31215 --- [    Test worker] com.example.testingweb.WebLayerTest      : Started WebLayerTest in 0.404 seconds (JVM running for 9.26)

MockHttpServletRequest:
      HTTP Method = GET
      Request URI = /
       Parameters = {}
          Headers = []
             Body = null
    Session Attrs = {}

Handler:
             Type = com.example.testingweb.HomeController
           Method = com.example.testingweb.HomeController#greeting()

Async:
    Async started = false
     Async result = null

Resolved Exception:
             Type = null

ModelAndView:
        View name = null
             View = null
            Model = null

FlashMap:
       Attributes = null

MockHttpServletResponse:
           Status = 200
    Error message = null
          Headers = [Content-Type:"text/plain;charset=UTF-8", Content-Length:"54"]
     Content type = text/plain;charset=UTF-8
             Body = Finaliza el curso DevOps Foundation v3 - Joseph López
    Forwarded URL = null
   Redirected URL = null
          Cookies = []
]]></system-out>
  <system-err><![CDATA[]]></system-err>
</testsuite>
